# JRE version: Java(TM) SE Runtime Environment (19.0.2+7) (build 19.0.2+7-44)
# Java VM: Java HotSpot(TM) 64-Bit Server VM (19.0.2+7-44, mixed mode, emulated-client, sharing, tiered, compressed oops, compressed class ptrs, g1 gc, windows-amd64)
GC Precious Log:
 CardTable entry size: 512
 Card Set container configuration: InlinePtr #cards 5 size 8 Array Of Cards #cards 12 size 40 Howl #buckets 4 coarsen threshold 1843 Howl Bitmap #cards 512 size 80 coarsen threshold 460 Card regions per heap region 1 cards per card region 2048
 CPUs: 4 total, 4 available
 Memory: 8071M
 Large Page Support: Disabled
 NUMA Support: Disabled
 Compressed Oops: Enabled (32-bit)
 Heap Region Size: 1M
 Heap Min Capacity: 8M
 Heap Initial Capacity: 128M
 Heap Max Capacity: 2018M
 Pre-touch: Disabled
 Parallel Workers: 4
 Concurrent Workers: 1
 Concurrent Refinement Workers: 4
 Periodic GC: Disabled
Heap:
 garbage-first heap   total 55296K, used 25038K [0x0000000081e00000, 0x0000000100000000)
  region size 1024K, 2 young (2048K), 2 survivors (2048K)
 Metaspace       used 45995K, committed 46592K, reserved 1114112K
  class space    used 6260K, committed 6528K, reserved 1048576K
GC Heap History (20 events):
Event: 4.097 GC heap after
{Heap after GC invocations=3 (full 0):
 garbage-first heap   total 131072K, used 12570K [0x0000000081e00000, 0x0000000100000000)
  region size 1024K, 4 young (4096K), 4 survivors (4096K)
 Metaspace       used 14068K, committed 14400K, reserved 1114112K
  class space    used 1762K, committed 1920K, reserved 1048576K
}
Event: 5.414 GC heap before
{Heap before GC invocations=3 (full 0):
 garbage-first heap   total 131072K, used 46362K [0x0000000081e00000, 0x0000000100000000)
  region size 1024K, 38 young (38912K), 4 survivors (4096K)
 Metaspace       used 21104K, committed 21504K, reserved 1114112K
  class space    used 2736K, committed 2944K, reserved 1048576K
}
Event: 5.428 GC heap after
{Heap after GC invocations=4 (full 0):
 garbage-first heap   total 131072K, used 14492K [0x0000000081e00000, 0x0000000100000000)
  region size 1024K, 6 young (6144K), 6 survivors (6144K)
 Metaspace       used 21104K, committed 21504K, reserved 1114112K
  class space    used 2736K, committed 2944K, reserved 1048576K
}
Event: 6.271 GC heap before
{Heap before GC invocations=5 (full 0):
 garbage-first heap   total 55296K, used 41116K [0x0000000081e00000, 0x0000000100000000)
  region size 1024K, 32 young (32768K), 6 survivors (6144K)
 Metaspace       used 23259K, committed 23680K, reserved 1114112K
  class space    used 3014K, committed 3200K, reserved 1048576K
}
Event: 6.291 GC heap after
{Heap after GC invocations=6 (full 0):
 garbage-first heap   total 55296K, used 16397K [0x0000000081e00000, 0x0000000100000000)
  region size 1024K, 4 young (4096K), 4 survivors (4096K)
 Metaspace       used 23259K, committed 23680K, reserved 1114112K
  class space    used 3014K, committed 3200K, reserved 1048576K
}
Event: 6.315 GC heap before
{Heap before GC invocations=6 (full 0):
 garbage-first heap   total 55296K, used 17421K [0x0000000081e00000, 0x0000000100000000)
  region size 1024K, 5 young (5120K), 4 survivors (4096K)
 Metaspace       used 23316K, committed 23744K, reserved 1114112K
  class space    used 3025K, committed 3200K, reserved 1048576K
}
Event: 6.325 GC heap after
{Heap after GC invocations=7 (full 0):
 garbage-first heap   total 55296K, used 17003K [0x0000000081e00000, 0x0000000100000000)
  region size 1024K, 1 young (1024K), 1 survivors (1024K)
 Metaspace       used 23316K, committed 23744K, reserved 1114112K
  class space    used 3025K, committed 3200K, reserved 1048576K
}
Event: 7.234 GC heap before
{Heap before GC invocations=7 (full 0):
 garbage-first heap   total 55296K, used 37483K [0x0000000081e00000, 0x0000000100000000)
  region size 1024K, 22 young (22528K), 1 survivors (1024K)
 Metaspace       used 26682K, committed 27136K, reserved 1114112K
  class space    used 3597K, committed 3776K, reserved 1048576K
}
Event: 7.239 GC heap after
{Heap after GC invocations=8 (full 0):
 garbage-first heap   total 55296K, used 17634K [0x0000000081e00000, 0x0000000100000000)
  region size 1024K, 2 young (2048K), 2 survivors (2048K)
 Metaspace       used 26682K, committed 27136K, reserved 1114112K
  class space    used 3597K, committed 3776K, reserved 1048576K
}
Event: 7.986 GC heap before
{Heap before GC invocations=8 (full 0):
 garbage-first heap   total 55296K, used 39138K [0x0000000081e00000, 0x0000000100000000)
  region size 1024K, 23 young (23552K), 2 survivors (2048K)
 Metaspace       used 29936K, committed 30528K, reserved 1114112K
  class space    used 4132K, committed 4416K, reserved 1048576K
}
Event: 7.998 GC heap after
{Heap after GC invocations=9 (full 0):
 garbage-first heap   total 55296K, used 19718K [0x0000000081e00000, 0x0000000100000000)
  region size 1024K, 3 young (3072K), 3 survivors (3072K)
 Metaspace       used 29936K, committed 30528K, reserved 1114112K
  class space    used 4132K, committed 4416K, reserved 1048576K
}
Event: 8.661 GC heap before
{Heap before GC invocations=9 (full 0):
 garbage-first heap   total 55296K, used 41222K [0x0000000081e00000, 0x0000000100000000)
  region size 1024K, 23 young (23552K), 3 survivors (3072K)
 Metaspace       used 32966K, committed 33536K, reserved 1114112K
  class space    used 4492K, committed 4800K, reserved 1048576K
}
Event: 8.667 GC heap after
{Heap after GC invocations=10 (full 0):
 garbage-first heap   total 55296K, used 21728K [0x0000000081e00000, 0x0000000100000000)
  region size 1024K, 2 young (2048K), 2 survivors (2048K)
 Metaspace       used 32966K, committed 33536K, reserved 1114112K
  class space    used 4492K, committed 4800K, reserved 1048576K
}
Event: 9.106 GC heap before
{Heap before GC invocations=10 (full 0):
 garbage-first heap   total 55296K, used 30944K [0x0000000081e00000, 0x0000000100000000)
  region size 1024K, 12 young (12288K), 2 survivors (2048K)
 Metaspace       used 35398K, committed 35968K, reserved 1114112K
  class space    used 4818K, committed 5120K, reserved 1048576K
}
Event: 9.111 GC heap after
{Heap after GC invocations=11 (full 0):
 garbage-first heap   total 55296K, used 22508K [0x0000000081e00000, 0x0000000100000000)
  region size 1024K, 1 young (1024K), 1 survivors (1024K)
 Metaspace       used 35398K, committed 35968K, reserved 1114112K
  class space    used 4818K, committed 5120K, reserved 1048576K
}
Event: 9.957 GC heap before
{Heap before GC invocations=12 (full 0):
 garbage-first heap   total 55296K, used 41964K [0x0000000081e00000, 0x0000000100000000)
  region size 1024K, 20 young (20480K), 1 survivors (1024K)
 Metaspace       used 40765K, committed 41408K, reserved 1114112K
  class space    used 5575K, committed 5888K, reserved 1048576K
}
Event: 9.961 GC heap after
{Heap after GC invocations=13 (full 0):
 garbage-first heap   total 55296K, used 23580K [0x0000000081e00000, 0x0000000100000000)
  region size 1024K, 2 young (2048K), 2 survivors (2048K)
 Metaspace       used 40765K, committed 41408K, reserved 1114112K
  class space    used 5575K, committed 5888K, reserved 1048576K
}
Event: 10.004 GC heap before
{Heap before GC invocations=13 (full 0):
 garbage-first heap   total 55296K, used 24604K [0x0000000081e00000, 0x0000000100000000)
  region size 1024K, 3 young (3072K), 2 survivors (2048K)
 Metaspace       used 41086K, committed 41664K, reserved 1114112K
  class space    used 5607K, committed 5888K, reserved 1048576K
}
Event: 10.009 GC heap after
{Heap after GC invocations=14 (full 0):
 garbage-first heap   total 55296K, used 23496K [0x0000000081e00000, 0x0000000100000000)
  region size 1024K, 1 young (1024K), 1 survivors (1024K)
 Metaspace       used 41086K, committed 41664K, reserved 1114112K
  class space    used 5607K, committed 5888K, reserved 1048576K
}
Event: 10.794 GC heap before
{Heap before GC invocations=14 (full 0):
 garbage-first heap   total 55296K, used 40904K [0x0000000081e00000, 0x0000000100000000)
  region size 1024K, 19 young (19456K), 1 survivors (1024K)
 Metaspace       used 45995K, committed 46592K, reserved 1114112K
  class space    used 6260K, committed 6528K, reserved 1048576K
}

